[0m[[0m[0mdebug[0m] [0m[0m> Exec(run, Some(7e939675-bf28-45ca-a04f-0082856786c6), Some(CommandSource(console0)))[0m
[0m[[0m[0mdebug[0m] [0m[0mEvaluating tasks: Compile / run[0m
[0m[[0m[0mdebug[0m] [0m[0mRunning task... Cancel: Signal, check cycles: false, forcegc: true[0m
[0m[[0m[0minfo[0m] [0m[0mcompiling 2 Scala sources to /home/ya/Dev/project/rosalind/scala/target/scala-2.12/classes ...[0m
[0m[[0m[31merror[0m] [0m[0m/home/ya/Dev/project/rosalind/scala/src/main/scala/rosalind/fib_0004.scala:23:22: not enough arguments for method rabbits_alive: (month: Long, rabbit: Long)Long.[0m
[0m[[0m[31merror[0m] [0m[0mUnspecified value parameter rabbit.[0m
[0m[[0m[31merror[0m] [0m[0m        rabbits_alive(n)[0m
[0m[[0m[31merror[0m] [0m[0m                     ^[0m
[0m[[0m[31merror[0m] [0m[0m/home/ya/Dev/project/rosalind/scala/src/main/scala/rosalind/fib_0004.scala:28:29: not enough arguments for method rabbits_alive: (month: Long, rabbit: Long)Long.[0m
[0m[[0m[31merror[0m] [0m[0mUnspecified value parameter rabbit.[0m
[0m[[0m[31merror[0m] [0m[0m	    case _ => rabbits_alive(month - 1) + (rabbits_alive(month - 2) * rabbit)[0m
[0m[[0m[31merror[0m] [0m[0m	                           ^[0m
[0m[[0m[31merror[0m] [0m[0m/home/ya/Dev/project/rosalind/scala/src/main/scala/rosalind/fib_0004.scala:28:57: not enough arguments for method rabbits_alive: (month: Long, rabbit: Long)Long.[0m
[0m[[0m[31merror[0m] [0m[0mUnspecified value parameter rabbit.[0m
[0m[[0m[31merror[0m] [0m[0m	    case _ => rabbits_alive(month - 1) + (rabbits_alive(month - 2) * rabbit)[0m
[0m[[0m[31merror[0m] [0m[0m	                                                       ^[0m
[0m[[0m[31merror[0m] [0m[0mthree errors found[0m
[0m[[0m[0mdebug[0m] [0m[0mForcing garbage collection...[0m
[0m[[0m[31merror[0m] [0m[0m(Compile / [31mcompileIncremental[0m) Compilation failed[0m
[0m[[0m[31merror[0m] [0m[0mTotal time: 1 s, completed Mar 4, 2021, 1:42:55 AM[0m
[0m[[0m[0mdebug[0m] [0m[0m> Exec(shell, None, None)[0m
