[0m[[0m[0mdebug[0m] [0m[0m> Exec(run, Some(2fd46397-9ff4-4447-aa01-2293be23292e), Some(CommandSource(console0)))[0m
[0m[[0m[0mdebug[0m] [0m[0mEvaluating tasks: Compile / run[0m
[0m[[0m[0mdebug[0m] [0m[0mRunning task... Cancel: Signal, check cycles: false, forcegc: true[0m
[0m[[0m[0minfo[0m] [0m[0mcompiling 1 Scala source to /home/ya/Dev/project/rosalind/scala/target/scala-2.12/classes ...[0m
[0m[[0m[31merror[0m] [0m[0m/home/ya/Dev/project/rosalind/scala/src/main/scala/rosalind/subs_0009.scala:32:16: '<-' expected but '=' found.[0m
[0m[[0m[31merror[0m] [0m[0m        for (i = 0; i < M-1; i++) {[0m
[0m[[0m[31merror[0m] [0m[0m               ^[0m
[0m[[0m[31merror[0m] [0m[0m/home/ya/Dev/project/rosalind/scala/src/main/scala/rosalind/subs_0009.scala:32:19: illegal start of simple expression[0m
[0m[[0m[31merror[0m] [0m[0m        for (i = 0; i < M-1; i++) {[0m
[0m[[0m[31merror[0m] [0m[0m                  ^[0m
[0m[[0m[31merror[0m] [0m[0m/home/ya/Dev/project/rosalind/scala/src/main/scala/rosalind/subs_0009.scala:32:28: '<-' expected but ';' found.[0m
[0m[[0m[31merror[0m] [0m[0m        for (i = 0; i < M-1; i++) {[0m
[0m[[0m[31merror[0m] [0m[0m                           ^[0m
[0m[[0m[31merror[0m] [0m[0m/home/ya/Dev/project/rosalind/scala/src/main/scala/rosalind/subs_0009.scala:32:33: illegal start of simple pattern[0m
[0m[[0m[31merror[0m] [0m[0m        for (i = 0; i < M-1; i++) {[0m
[0m[[0m[31merror[0m] [0m[0m                                ^[0m
[0m[[0m[31merror[0m] [0m[0m/home/ya/Dev/project/rosalind/scala/src/main/scala/rosalind/subs_0009.scala:38:19: illegal start of simple expression[0m
[0m[[0m[31merror[0m] [0m[0m        for (i = 0; i < M; i++) [0m
[0m[[0m[31merror[0m] [0m[0m                  ^[0m
[0m[[0m[31merror[0m] [0m[0m/home/ya/Dev/project/rosalind/scala/src/main/scala/rosalind/subs_0009.scala:38:26: '<-' expected but ';' found.[0m
[0m[[0m[31merror[0m] [0m[0m        for (i = 0; i < M; i++) [0m
[0m[[0m[31merror[0m] [0m[0m                         ^[0m
[0m[[0m[31merror[0m] [0m[0m/home/ya/Dev/project/rosalind/scala/src/main/scala/rosalind/subs_0009.scala:38:31: illegal start of simple pattern[0m
[0m[[0m[31merror[0m] [0m[0m        for (i = 0; i < M; i++) [0m
[0m[[0m[31merror[0m] [0m[0m                              ^[0m
[0m[[0m[31merror[0m] [0m[0m/home/ya/Dev/project/rosalind/scala/src/main/scala/rosalind/subs_0009.scala:45:19: illegal start of simple expression[0m
[0m[[0m[31merror[0m] [0m[0m        for (i = 0; i <= N - M; i++) {[0m
[0m[[0m[31merror[0m] [0m[0m                  ^[0m
[0m[[0m[31merror[0m] [0m[0m/home/ya/Dev/project/rosalind/scala/src/main/scala/rosalind/subs_0009.scala:45:31: '<-' expected but ';' found.[0m
[0m[[0m[31merror[0m] [0m[0m        for (i = 0; i <= N - M; i++) {[0m
[0m[[0m[31merror[0m] [0m[0m                              ^[0m
[0m[[0m[31merror[0m] [0m[0m/home/ya/Dev/project/rosalind/scala/src/main/scala/rosalind/subs_0009.scala:45:36: illegal start of simple pattern[0m
[0m[[0m[31merror[0m] [0m[0m        for (i = 0; i <= N - M; i++) {[0m
[0m[[0m[31merror[0m] [0m[0m                                   ^[0m
[0m[[0m[31merror[0m] [0m[0m/home/ya/Dev/project/rosalind/scala/src/main/scala/rosalind/subs_0009.scala:73:5: illegal start of simple expression[0m
[0m[[0m[31merror[0m] [0m[0m    }[0m
[0m[[0m[31merror[0m] [0m[0m    ^[0m
[0m[[0m[31merror[0m] [0m[0m11 errors found[0m
[0m[[0m[31merror[0m] [0m[0m(Compile / [31mcompileIncremental[0m) Compilation failed[0m
[0m[[0m[31merror[0m] [0m[0mTotal time: 0 s, completed Mar 9, 2021, 12:45:21 AM[0m
[0m[[0m[0mdebug[0m] [0m[0m> Exec(shell, None, None)[0m
